{
  "RSpec": {
    "coverage": {
      "/home/user/sites/Travel/app/controllers/orders_controller.rb": [
        1,
        1,
        null,
        null,
        1,
        1,
        null,
        null,
        1,
        1,
        1,
        1,
        0,
        null,
        null,
        null,
        1,
        0,
        null,
        null,
        1,
        null,
        1,
        1,
        null,
        null,
        null
      ],
      "/home/user/sites/Travel/spec/controllers/tours_controller_spec.rb": [
        1,
        null,
        1,
        6,
        1,
        6,
        null,
        null,
        1,
        1,
        null,
        null,
        1,
        1,
        1,
        1,
        null,
        null,
        null,
        1,
        1,
        1,
        null,
        1,
        1,
        null,
        null,
        null,
        null,
        1,
        1,
        1,
        1,
        null,
        null,
        null,
        null,
        null,
        null,
        null,
        null,
        null
      ],
      "/home/user/sites/Travel/app/controllers/tours_controller.rb": [
        1,
        1,
        1,
        1,
        null,
        null,
        1,
        1,
        null,
        null,
        1,
        1,
        1,
        1,
        1,
        0,
        1,
        null,
        null,
        null,
        null,
        null,
        1,
        null,
        null,
        1,
        0,
        null,
        null,
        null,
        null,
        1,
        null,
        1,
        1,
        null,
        null,
        1,
        0,
        null,
        null
      ],
      "/home/user/sites/Travel/spec/controllers/userparams_controller_spec.rb": [
        1,
        null,
        1,
        7,
        null,
        1,
        null,
        1,
        1,
        null,
        null,
        1,
        1,
        1,
        1,
        null,
        null,
        null,
        null,
        1,
        1,
        1,
        1,
        1,
        1,
        null,
        null,
        null,
        1,
        1,
        1,
        1,
        1,
        null,
        null,
        null,
        null,
        null,
        1,
        1,
        1,
        1,
        1,
        1,
        null,
        null,
        null,
        1,
        1,
        1,
        null,
        1,
        1,
        1,
        1,
        null,
        null,
        null,
        null
      ],
      "/home/user/sites/Travel/app/controllers/userparams_controller.rb": [
        1,
        1,
        1,
        null,
        null,
        1,
        1,
        1,
        null,
        0,
        null,
        null,
        null,
        1,
        0,
        null,
        null,
        1,
        1,
        null,
        null,
        1,
        1,
        1,
        1,
        null,
        null,
        null,
        1,
        null,
        null,
        null,
        1,
        1,
        1,
        null,
        null,
        1,
        null,
        1,
        2,
        null,
        null,
        1,
        3,
        null,
        null,
        null,
        null
      ],
      "/home/user/sites/Travel/spec/helpers/orders_helper_spec.rb": [
        1,
        null,
        null,
        null,
        null,
        null,
        null,
        null,
        null,
        null,
        null,
        null,
        1,
        null,
        null
      ],
      "/home/user/sites/Travel/spec/helpers/tours_helper_spec.rb": [
        1,
        null,
        null,
        null,
        null,
        null,
        null,
        null,
        null,
        null,
        null,
        null,
        1,
        null,
        null
      ],
      "/home/user/sites/Travel/spec/helpers/userparams_helper_spec.rb": [
        1,
        null,
        null,
        null,
        null,
        null,
        null,
        null,
        null,
        null,
        null,
        null,
        1,
        null,
        null
      ],
      "/home/user/sites/Travel/spec/models/category_spec.rb": [
        1,
        null,
        1,
        null,
        1,
        2,
        null,
        null,
        1,
        1,
        1,
        null,
        null,
        null,
        1,
        2,
        null,
        null
      ],
      "/home/user/sites/Travel/spec/models/order_spec.rb": [
        1,
        1,
        3,
        1,
        2,
        null,
        null,
        1,
        1,
        1,
        null,
        null,
        null,
        1,
        2,
        null,
        null,
        null
      ],
      "/home/user/sites/Travel/app/models/order.rb": [
        1,
        1,
        1,
        null
      ],
      "/home/user/sites/Travel/spec/models/tour_spec.rb": [
        1,
        1,
        3,
        null,
        1,
        2,
        null,
        null,
        null,
        null,
        1,
        2,
        2,
        null,
        null,
        null,
        null
      ],
      "/home/user/sites/Travel/spec/models/user_spec.rb": [
        1,
        null,
        1,
        null,
        1,
        2,
        null,
        1,
        1,
        1,
        null,
        null,
        null,
        1,
        2,
        null,
        null
      ],
      "/home/user/sites/Travel/spec/models/userparam_spec.rb": [
        1,
        1,
        2,
        1,
        1,
        null,
        null,
        null,
        null,
        1,
        2,
        null,
        null,
        null
      ],
      "/home/user/sites/Travel/app/models/userparam.rb": [
        1,
        1,
        null,
        1,
        1,
        null,
        null,
        null
      ],
      "/home/user/sites/Travel/spec/views/orders/new.html.erb_spec.rb": [

      ],
      "/home/user/sites/Travel/spec/views/tours/index.html.erb_spec.rb": [
        1,
        null,
        1,
        null,
        null
      ],
      "/home/user/sites/Travel/spec/views/userparams/new.html.erb_spec.rb": [

      ]
    },
    "timestamp": 1528397330
  }
}
